2015-09-21 16:00:26 Error: [MissingControllerException] Controller class ArenasController could not be found.
Exception Attributes: array (
  'class' => 'ArenasController',
  'plugin' => NULL,
)
Request URL: /WebArenaGroupOcres/Arenas/index
Stack Trace:
#0 /Applications/MAMP/htdocs/WebArenaGroupOcres/app/webroot/index.php(118): Dispatcher->dispatch(Object(CakeRequest), Object(CakeResponse))
#1 {main}
2015-09-21 16:09:58 Error: [MissingActionException] Action ArenasController::fighter() could not be found.
Exception Attributes: array (
  'controller' => 'ArenasController',
  'action' => 'fighter',
)
Request URL: /WebArenaGroupOcres/Arenas/fighter
Stack Trace:
#0 /Applications/MAMP/htdocs/WebArenaGroupOcres/lib/Cake/Routing/Dispatcher.php(193): Controller->invokeAction(Object(CakeRequest))
#1 /Applications/MAMP/htdocs/WebArenaGroupOcres/lib/Cake/Routing/Dispatcher.php(167): Dispatcher->_invoke(Object(ArenasController), Object(CakeRequest))
#2 /Applications/MAMP/htdocs/WebArenaGroupOcres/app/webroot/index.php(118): Dispatcher->dispatch(Object(CakeRequest), Object(CakeResponse))
#3 {main}
2015-09-21 16:11:16 Error: [MissingActionException] Action ArenasController::fighter() could not be found.
Exception Attributes: array (
  'controller' => 'ArenasController',
  'action' => 'fighter',
)
Request URL: /WebArenaGroupOcres/Arenas/fighter
Stack Trace:
#0 /Applications/MAMP/htdocs/WebArenaGroupOcres/lib/Cake/Routing/Dispatcher.php(193): Controller->invokeAction(Object(CakeRequest))
#1 /Applications/MAMP/htdocs/WebArenaGroupOcres/lib/Cake/Routing/Dispatcher.php(167): Dispatcher->_invoke(Object(ArenasController), Object(CakeRequest))
#2 /Applications/MAMP/htdocs/WebArenaGroupOcres/app/webroot/index.php(118): Dispatcher->dispatch(Object(CakeRequest), Object(CakeResponse))
#3 {main}
2015-09-21 16:11:17 Error: [MissingActionException] Action ArenasController::fighter() could not be found.
Exception Attributes: array (
  'controller' => 'ArenasController',
  'action' => 'fighter',
)
Request URL: /WebArenaGroupOcres/Arenas/fighter
Stack Trace:
#0 /Applications/MAMP/htdocs/WebArenaGroupOcres/lib/Cake/Routing/Dispatcher.php(193): Controller->invokeAction(Object(CakeRequest))
#1 /Applications/MAMP/htdocs/WebArenaGroupOcres/lib/Cake/Routing/Dispatcher.php(167): Dispatcher->_invoke(Object(ArenasController), Object(CakeRequest))
#2 /Applications/MAMP/htdocs/WebArenaGroupOcres/app/webroot/index.php(118): Dispatcher->dispatch(Object(CakeRequest), Object(CakeResponse))
#3 {main}
2015-09-21 16:11:23 Error: Fatal Error (4): syntax error, unexpected 'class' (T_CLASS), expecting function (T_FUNCTION) in [/Applications/MAMP/htdocs/WebArenaGroupOcres/app/Controller/ArenasController.php, line 22]
2015-09-21 16:11:23 Error: [FatalErrorException] syntax error, unexpected 'class' (T_CLASS), expecting function (T_FUNCTION)
Request URL: /WebArenaGroupOcres/Arenas/fighter
Stack Trace:
#0 /Applications/MAMP/htdocs/WebArenaGroupOcres/lib/Cake/Error/ErrorHandler.php(213): ErrorHandler::handleFatalError(4, 'syntax error, u...', '/Applications/M...', 22)
#1 [internal function]: ErrorHandler::handleError(4, 'syntax error, u...', '/Applications/M...', 22, Array)
#2 /Applications/MAMP/htdocs/WebArenaGroupOcres/lib/Cake/Core/App.php(933): call_user_func('ErrorHandler::h...', 4, 'syntax error, u...', '/Applications/M...', 22, Array)
#3 /Applications/MAMP/htdocs/WebArenaGroupOcres/lib/Cake/Core/App.php(906): App::_checkFatalError()
#4 [internal function]: App::shutdown()
#5 {main}
2015-09-21 16:11:39 Error: Fatal Error (4): syntax error, unexpected 'class' (T_CLASS), expecting function (T_FUNCTION) in [/Applications/MAMP/htdocs/WebArenaGroupOcres/app/Controller/ArenasController.php, line 22]
2015-09-21 16:11:39 Error: [FatalErrorException] syntax error, unexpected 'class' (T_CLASS), expecting function (T_FUNCTION)
Request URL: /WebArenaGroupOcres/Arenas/fighter
Stack Trace:
#0 /Applications/MAMP/htdocs/WebArenaGroupOcres/lib/Cake/Error/ErrorHandler.php(213): ErrorHandler::handleFatalError(4, 'syntax error, u...', '/Applications/M...', 22)
#1 [internal function]: ErrorHandler::handleError(4, 'syntax error, u...', '/Applications/M...', 22, Array)
#2 /Applications/MAMP/htdocs/WebArenaGroupOcres/lib/Cake/Core/App.php(933): call_user_func('ErrorHandler::h...', 4, 'syntax error, u...', '/Applications/M...', 22, Array)
#3 /Applications/MAMP/htdocs/WebArenaGroupOcres/lib/Cake/Core/App.php(906): App::_checkFatalError()
#4 [internal function]: App::shutdown()
#5 {main}
2015-09-21 16:11:40 Error: Fatal Error (4): syntax error, unexpected 'class' (T_CLASS), expecting function (T_FUNCTION) in [/Applications/MAMP/htdocs/WebArenaGroupOcres/app/Controller/ArenasController.php, line 22]
2015-09-21 16:11:40 Error: [FatalErrorException] syntax error, unexpected 'class' (T_CLASS), expecting function (T_FUNCTION)
Request URL: /WebArenaGroupOcres/Arenas/fighter
Stack Trace:
#0 /Applications/MAMP/htdocs/WebArenaGroupOcres/lib/Cake/Error/ErrorHandler.php(213): ErrorHandler::handleFatalError(4, 'syntax error, u...', '/Applications/M...', 22)
#1 [internal function]: ErrorHandler::handleError(4, 'syntax error, u...', '/Applications/M...', 22, Array)
#2 /Applications/MAMP/htdocs/WebArenaGroupOcres/lib/Cake/Core/App.php(933): call_user_func('ErrorHandler::h...', 4, 'syntax error, u...', '/Applications/M...', 22, Array)
#3 /Applications/MAMP/htdocs/WebArenaGroupOcres/lib/Cake/Core/App.php(906): App::_checkFatalError()
#4 [internal function]: App::shutdown()
#5 {main}
2015-09-21 16:11:44 Error: Fatal Error (4): syntax error, unexpected 'class' (T_CLASS), expecting function (T_FUNCTION) in [/Applications/MAMP/htdocs/WebArenaGroupOcres/app/Controller/ArenasController.php, line 22]
2015-09-21 16:11:44 Error: [FatalErrorException] syntax error, unexpected 'class' (T_CLASS), expecting function (T_FUNCTION)
Request URL: /WebArenaGroupOcres/Arenas/fighter
Stack Trace:
#0 /Applications/MAMP/htdocs/WebArenaGroupOcres/lib/Cake/Error/ErrorHandler.php(213): ErrorHandler::handleFatalError(4, 'syntax error, u...', '/Applications/M...', 22)
#1 [internal function]: ErrorHandler::handleError(4, 'syntax error, u...', '/Applications/M...', 22, Array)
#2 /Applications/MAMP/htdocs/WebArenaGroupOcres/lib/Cake/Core/App.php(933): call_user_func('ErrorHandler::h...', 4, 'syntax error, u...', '/Applications/M...', 22, Array)
#3 /Applications/MAMP/htdocs/WebArenaGroupOcres/lib/Cake/Core/App.php(906): App::_checkFatalError()
#4 [internal function]: App::shutdown()
#5 {main}
2015-09-21 16:11:46 Error: Fatal Error (4): syntax error, unexpected 'class' (T_CLASS), expecting function (T_FUNCTION) in [/Applications/MAMP/htdocs/WebArenaGroupOcres/app/Controller/ArenasController.php, line 22]
2015-09-21 16:11:46 Error: [FatalErrorException] syntax error, unexpected 'class' (T_CLASS), expecting function (T_FUNCTION)
Request URL: /WebArenaGroupOcres/Arenas/fighter
Stack Trace:
#0 /Applications/MAMP/htdocs/WebArenaGroupOcres/lib/Cake/Error/ErrorHandler.php(213): ErrorHandler::handleFatalError(4, 'syntax error, u...', '/Applications/M...', 22)
#1 [internal function]: ErrorHandler::handleError(4, 'syntax error, u...', '/Applications/M...', 22, Array)
#2 /Applications/MAMP/htdocs/WebArenaGroupOcres/lib/Cake/Core/App.php(933): call_user_func('ErrorHandler::h...', 4, 'syntax error, u...', '/Applications/M...', 22, Array)
#3 /Applications/MAMP/htdocs/WebArenaGroupOcres/lib/Cake/Core/App.php(906): App::_checkFatalError()
#4 [internal function]: App::shutdown()
#5 {main}
2015-09-21 16:11:47 Error: Fatal Error (4): syntax error, unexpected 'class' (T_CLASS), expecting function (T_FUNCTION) in [/Applications/MAMP/htdocs/WebArenaGroupOcres/app/Controller/ArenasController.php, line 22]
2015-09-21 16:11:47 Error: [FatalErrorException] syntax error, unexpected 'class' (T_CLASS), expecting function (T_FUNCTION)
Request URL: /WebArenaGroupOcres/Arenas/fighter
Stack Trace:
#0 /Applications/MAMP/htdocs/WebArenaGroupOcres/lib/Cake/Error/ErrorHandler.php(213): ErrorHandler::handleFatalError(4, 'syntax error, u...', '/Applications/M...', 22)
#1 [internal function]: ErrorHandler::handleError(4, 'syntax error, u...', '/Applications/M...', 22, Array)
#2 /Applications/MAMP/htdocs/WebArenaGroupOcres/lib/Cake/Core/App.php(933): call_user_func('ErrorHandler::h...', 4, 'syntax error, u...', '/Applications/M...', 22, Array)
#3 /Applications/MAMP/htdocs/WebArenaGroupOcres/lib/Cake/Core/App.php(906): App::_checkFatalError()
#4 [internal function]: App::shutdown()
#5 {main}
2015-09-21 16:11:51 Error: [MissingActionException] Action ArenasController::fighter() could not be found.
Exception Attributes: array (
  'controller' => 'ArenasController',
  'action' => 'fighter',
)
Request URL: /WebArenaGroupOcres/Arenas/fighter
Stack Trace:
#0 /Applications/MAMP/htdocs/WebArenaGroupOcres/lib/Cake/Routing/Dispatcher.php(193): Controller->invokeAction(Object(CakeRequest))
#1 /Applications/MAMP/htdocs/WebArenaGroupOcres/lib/Cake/Routing/Dispatcher.php(167): Dispatcher->_invoke(Object(ArenasController), Object(CakeRequest))
#2 /Applications/MAMP/htdocs/WebArenaGroupOcres/app/webroot/index.php(118): Dispatcher->dispatch(Object(CakeRequest), Object(CakeResponse))
#3 {main}
2015-09-21 16:12:19 Error: Fatal Error (64): Cannot redeclare class ArenasController in [/Applications/MAMP/htdocs/WebArenaGroupOcres/app/Controller/ArenasController.php, line 24]
2015-09-21 16:12:19 Error: [FatalErrorException] Cannot redeclare class ArenasController
Request URL: /WebArenaGroupOcres/Arenas/fighter
Stack Trace:
#0 /Applications/MAMP/htdocs/WebArenaGroupOcres/lib/Cake/Error/ErrorHandler.php(213): ErrorHandler::handleFatalError(64, 'Cannot redeclar...', '/Applications/M...', 24)
#1 [internal function]: ErrorHandler::handleError(64, 'Cannot redeclar...', '/Applications/M...', 24, Array)
#2 /Applications/MAMP/htdocs/WebArenaGroupOcres/lib/Cake/Core/App.php(933): call_user_func('ErrorHandler::h...', 64, 'Cannot redeclar...', '/Applications/M...', 24, Array)
#3 /Applications/MAMP/htdocs/WebArenaGroupOcres/lib/Cake/Core/App.php(906): App::_checkFatalError()
#4 [internal function]: App::shutdown()
#5 {main}
2015-09-21 16:13:42 Error: Fatal Error (64): Cannot redeclare class ArenasController in [/Applications/MAMP/htdocs/WebArenaGroupOcres/app/Controller/ArenasController.php, line 24]
2015-09-21 16:13:42 Error: [FatalErrorException] Cannot redeclare class ArenasController
Request URL: /WebArenaGroupOcres/Arenas/index
Stack Trace:
#0 /Applications/MAMP/htdocs/WebArenaGroupOcres/lib/Cake/Error/ErrorHandler.php(213): ErrorHandler::handleFatalError(64, 'Cannot redeclar...', '/Applications/M...', 24)
#1 [internal function]: ErrorHandler::handleError(64, 'Cannot redeclar...', '/Applications/M...', 24, Array)
#2 /Applications/MAMP/htdocs/WebArenaGroupOcres/lib/Cake/Core/App.php(933): call_user_func('ErrorHandler::h...', 64, 'Cannot redeclar...', '/Applications/M...', 24, Array)
#3 /Applications/MAMP/htdocs/WebArenaGroupOcres/lib/Cake/Core/App.php(906): App::_checkFatalError()
#4 [internal function]: App::shutdown()
#5 {main}
2015-09-21 16:13:42 Error: Fatal Error (64): Cannot redeclare class ArenasController in [/Applications/MAMP/htdocs/WebArenaGroupOcres/app/Controller/ArenasController.php, line 24]
2015-09-21 16:13:42 Error: [FatalErrorException] Cannot redeclare class ArenasController
Request URL: /WebArenaGroupOcres/Arenas/index
Stack Trace:
#0 /Applications/MAMP/htdocs/WebArenaGroupOcres/lib/Cake/Error/ErrorHandler.php(213): ErrorHandler::handleFatalError(64, 'Cannot redeclar...', '/Applications/M...', 24)
#1 [internal function]: ErrorHandler::handleError(64, 'Cannot redeclar...', '/Applications/M...', 24, Array)
#2 /Applications/MAMP/htdocs/WebArenaGroupOcres/lib/Cake/Core/App.php(933): call_user_func('ErrorHandler::h...', 64, 'Cannot redeclar...', '/Applications/M...', 24, Array)
#3 /Applications/MAMP/htdocs/WebArenaGroupOcres/lib/Cake/Core/App.php(906): App::_checkFatalError()
#4 [internal function]: App::shutdown()
#5 {main}
2015-09-21 16:14:00 Error: [MissingViewException] View file "Arenas/fighter.ctp" is missing.
Exception Attributes: array (
  'file' => 'Arenas/fighter.ctp',
)
Request URL: /WebArenaGroupOcres/Arenas/fighter
Stack Trace:
#0 /Applications/MAMP/htdocs/WebArenaGroupOcres/lib/Cake/View/View.php(470): View->_getViewFileName(NULL)
#1 /Applications/MAMP/htdocs/WebArenaGroupOcres/lib/Cake/Controller/Controller.php(960): View->render(NULL, NULL)
#2 /Applications/MAMP/htdocs/WebArenaGroupOcres/lib/Cake/Routing/Dispatcher.php(200): Controller->render()
#3 /Applications/MAMP/htdocs/WebArenaGroupOcres/lib/Cake/Routing/Dispatcher.php(167): Dispatcher->_invoke(Object(ArenasController), Object(CakeRequest))
#4 /Applications/MAMP/htdocs/WebArenaGroupOcres/app/webroot/index.php(118): Dispatcher->dispatch(Object(CakeRequest), Object(CakeResponse))
#5 {main}
2015-09-21 16:14:31 Error: [MissingViewException] View file "Arenas/fighter.ctp" is missing.
Exception Attributes: array (
  'file' => 'Arenas/fighter.ctp',
)
Request URL: /WebArenaGroupOcres/Arenas/fighter
Stack Trace:
#0 /Applications/MAMP/htdocs/WebArenaGroupOcres/lib/Cake/View/View.php(470): View->_getViewFileName(NULL)
#1 /Applications/MAMP/htdocs/WebArenaGroupOcres/lib/Cake/Controller/Controller.php(960): View->render(NULL, NULL)
#2 /Applications/MAMP/htdocs/WebArenaGroupOcres/lib/Cake/Routing/Dispatcher.php(200): Controller->render()
#3 /Applications/MAMP/htdocs/WebArenaGroupOcres/lib/Cake/Routing/Dispatcher.php(167): Dispatcher->_invoke(Object(ArenasController), Object(CakeRequest))
#4 /Applications/MAMP/htdocs/WebArenaGroupOcres/app/webroot/index.php(118): Dispatcher->dispatch(Object(CakeRequest), Object(CakeResponse))
#5 {main}
2015-09-21 16:42:14 Error: [MissingActionException] Action ArenasController::diary() could not be found.
Exception Attributes: array (
  'controller' => 'ArenasController',
  'action' => 'diary',
)
Request URL: /WebArenaGroupOcres/Arenas/diary
Stack Trace:
#0 /Applications/MAMP/htdocs/WebArenaGroupOcres/lib/Cake/Routing/Dispatcher.php(193): Controller->invokeAction(Object(CakeRequest))
#1 /Applications/MAMP/htdocs/WebArenaGroupOcres/lib/Cake/Routing/Dispatcher.php(167): Dispatcher->_invoke(Object(ArenasController), Object(CakeRequest))
#2 /Applications/MAMP/htdocs/WebArenaGroupOcres/app/webroot/index.php(118): Dispatcher->dispatch(Object(CakeRequest), Object(CakeResponse))
#3 {main}
2015-09-21 16:43:17 Error: [MissingActionException] Action ArenasController::diary() could not be found.
Exception Attributes: array (
  'controller' => 'ArenasController',
  'action' => 'diary',
)
Request URL: /WebArenaGroupOcres/Arenas/diary
Stack Trace:
#0 /Applications/MAMP/htdocs/WebArenaGroupOcres/lib/Cake/Routing/Dispatcher.php(193): Controller->invokeAction(Object(CakeRequest))
#1 /Applications/MAMP/htdocs/WebArenaGroupOcres/lib/Cake/Routing/Dispatcher.php(167): Dispatcher->_invoke(Object(ArenasController), Object(CakeRequest))
#2 /Applications/MAMP/htdocs/WebArenaGroupOcres/app/webroot/index.php(118): Dispatcher->dispatch(Object(CakeRequest), Object(CakeResponse))
#3 {main}
2015-09-21 16:43:18 Error: [MissingActionException] Action ArenasController::diary() could not be found.
Exception Attributes: array (
  'controller' => 'ArenasController',
  'action' => 'diary',
)
Request URL: /WebArenaGroupOcres/Arenas/diary
Stack Trace:
#0 /Applications/MAMP/htdocs/WebArenaGroupOcres/lib/Cake/Routing/Dispatcher.php(193): Controller->invokeAction(Object(CakeRequest))
#1 /Applications/MAMP/htdocs/WebArenaGroupOcres/lib/Cake/Routing/Dispatcher.php(167): Dispatcher->_invoke(Object(ArenasController), Object(CakeRequest))
#2 /Applications/MAMP/htdocs/WebArenaGroupOcres/app/webroot/index.php(118): Dispatcher->dispatch(Object(CakeRequest), Object(CakeResponse))
#3 {main}
2015-09-23 10:09:38 Error: [MissingControllerException] Controller class PhpmyadminController could not be found.
Exception Attributes: array (
  'class' => 'PhpmyadminController',
  'plugin' => NULL,
)
Request URL: /WebArenaGroupOcres/phpmyadmin
Stack Trace:
#0 /Applications/MAMP/htdocs/WebArenaGroupOcres/app/webroot/index.php(118): Dispatcher->dispatch(Object(CakeRequest), Object(CakeResponse))
#1 {main}
2015-09-23 10:09:46 Error: [MissingControllerException] Controller class PhpmyadminController could not be found.
Exception Attributes: array (
  'class' => 'PhpmyadminController',
  'plugin' => NULL,
)
Request URL: /WebArenaGroupOcres/phpmyadmin
Stack Trace:
#0 /Applications/MAMP/htdocs/WebArenaGroupOcres/app/webroot/index.php(118): Dispatcher->dispatch(Object(CakeRequest), Object(CakeResponse))
#1 {main}
2015-09-23 10:09:46 Error: [MissingControllerException] Controller class PhpmyadmController could not be found.
Exception Attributes: array (
  'class' => 'PhpmyadmController',
  'plugin' => NULL,
)
Request URL: /WebArenaGroupOcres/phpmyadm
Stack Trace:
#0 /Applications/MAMP/htdocs/WebArenaGroupOcres/app/webroot/index.php(118): Dispatcher->dispatch(Object(CakeRequest), Object(CakeResponse))
#1 {main}
2015-09-23 10:09:50 Error: [MissingControllerException] Controller class PhpmyadmController could not be found.
Exception Attributes: array (
  'class' => 'PhpmyadmController',
  'plugin' => NULL,
)
Request URL: /WebArenaGroupOcres/phpmyadm
Stack Trace:
#0 /Applications/MAMP/htdocs/WebArenaGroupOcres/app/webroot/index.php(118): Dispatcher->dispatch(Object(CakeRequest), Object(CakeResponse))
#1 {main}
2015-09-23 10:09:56 Error: [MissingControllerException] Controller class MysqlController could not be found.
Exception Attributes: array (
  'class' => 'MysqlController',
  'plugin' => NULL,
)
Request URL: /WebArenaGroupOcres/mysql
Stack Trace:
#0 /Applications/MAMP/htdocs/WebArenaGroupOcres/app/webroot/index.php(118): Dispatcher->dispatch(Object(CakeRequest), Object(CakeResponse))
#1 {main}
2015-09-23 10:10:11 Error: [MissingControllerException] Controller class MysqlController could not be found.
Exception Attributes: array (
  'class' => 'MysqlController',
  'plugin' => NULL,
)
Request URL: /WebArenaGroupOcres/mysql
Stack Trace:
#0 /Applications/MAMP/htdocs/WebArenaGroupOcres/app/webroot/index.php(118): Dispatcher->dispatch(Object(CakeRequest), Object(CakeResponse))
#1 {main}
2015-09-23 10:48:12 Error: [MissingActionException] Action ArenasController::diary.ctp() could not be found.
Exception Attributes: array (
  'controller' => 'ArenasController',
  'action' => 'diary.ctp',
)
Request URL: /WebArenaGroupOcres/arenas/diary.ctp
Stack Trace:
#0 /Applications/MAMP/htdocs/WebArenaGroupOcres/lib/Cake/Routing/Dispatcher.php(193): Controller->invokeAction(Object(CakeRequest))
#1 /Applications/MAMP/htdocs/WebArenaGroupOcres/lib/Cake/Routing/Dispatcher.php(167): Dispatcher->_invoke(Object(ArenasController), Object(CakeRequest))
#2 /Applications/MAMP/htdocs/WebArenaGroupOcres/app/webroot/index.php(118): Dispatcher->dispatch(Object(CakeRequest), Object(CakeResponse))
#3 {main}
2015-09-23 10:48:20 Error: [MissingActionException] Action ArenasController::diary.ctp() could not be found.
Exception Attributes: array (
  'controller' => 'ArenasController',
  'action' => 'diary.ctp',
)
Request URL: /WebArenaGroupOcres/arenas/diary.ctp
Stack Trace:
#0 /Applications/MAMP/htdocs/WebArenaGroupOcres/lib/Cake/Routing/Dispatcher.php(193): Controller->invokeAction(Object(CakeRequest))
#1 /Applications/MAMP/htdocs/WebArenaGroupOcres/lib/Cake/Routing/Dispatcher.php(167): Dispatcher->_invoke(Object(ArenasController), Object(CakeRequest))
#2 /Applications/MAMP/htdocs/WebArenaGroupOcres/app/webroot/index.php(118): Dispatcher->dispatch(Object(CakeRequest), Object(CakeResponse))
#3 {main}
2015-09-23 10:57:19 Error: [MissingActionException] Action ArenasController::figther() could not be found.
Exception Attributes: array (
  'controller' => 'ArenasController',
  'action' => 'figther',
)
Request URL: /WebArenaGroupOcres/arenas/figther
Stack Trace:
#0 /Applications/MAMP/htdocs/WebArenaGroupOcres/lib/Cake/Routing/Dispatcher.php(193): Controller->invokeAction(Object(CakeRequest))
#1 /Applications/MAMP/htdocs/WebArenaGroupOcres/lib/Cake/Routing/Dispatcher.php(167): Dispatcher->_invoke(Object(ArenasController), Object(CakeRequest))
#2 /Applications/MAMP/htdocs/WebArenaGroupOcres/app/webroot/index.php(118): Dispatcher->dispatch(Object(CakeRequest), Object(CakeResponse))
#3 {main}
2015-09-23 11:14:26 Error: [MissingControllerException] Controller class MysqlController could not be found.
Exception Attributes: array (
  'class' => 'MysqlController',
  'plugin' => NULL,
)
Request URL: /WebArenaGroupOcres/mysql
Stack Trace:
#0 /Applications/MAMP/htdocs/WebArenaGroupOcres/app/webroot/index.php(118): Dispatcher->dispatch(Object(CakeRequest), Object(CakeResponse))
#1 {main}
2015-09-23 11:14:32 Error: [MissingControllerException] Controller class ModelController could not be found.
Exception Attributes: array (
  'class' => 'ModelController',
  'plugin' => NULL,
)
Request URL: /WebArenaGroupOcres/model/fighter
Stack Trace:
#0 /Applications/MAMP/htdocs/WebArenaGroupOcres/app/webroot/index.php(118): Dispatcher->dispatch(Object(CakeRequest), Object(CakeResponse))
#1 {main}
2015-09-23 11:14:38 Error: [MissingControllerException] Controller class ModelController could not be found.
Exception Attributes: array (
  'class' => 'ModelController',
  'plugin' => NULL,
)
Request URL: /WebArenaGroupOcres/model/fighter.php
Stack Trace:
#0 /Applications/MAMP/htdocs/WebArenaGroupOcres/app/webroot/index.php(118): Dispatcher->dispatch(Object(CakeRequest), Object(CakeResponse))
#1 {main}
